c:\users\afonso\desktop\graphics module\template2021\opengltemplate\x64\debug\vc142.pdb
c:\users\afonso\desktop\graphics module\template2021\opengltemplate\x64\debug\vc142.idb
c:\users\afonso\desktop\graphics module\template2021\opengltemplate\x64\debug\vertexbufferobjectindexed.obj
c:\users\afonso\desktop\graphics module\template2021\opengltemplate\x64\debug\vertexbufferobject.obj
c:\users\afonso\desktop\graphics module\template2021\opengltemplate\x64\debug\texture.obj
c:\users\afonso\desktop\graphics module\template2021\opengltemplate\x64\debug\sphere.obj
c:\users\afonso\desktop\graphics module\template2021\opengltemplate\x64\debug\skybox.obj
c:\users\afonso\desktop\graphics module\template2021\opengltemplate\x64\debug\shaders.obj
c:\users\afonso\desktop\graphics module\template2021\opengltemplate\x64\debug\plane.obj
c:\users\afonso\desktop\graphics module\template2021\opengltemplate\x64\debug\openassetimportmesh.obj
c:\users\afonso\desktop\graphics module\template2021\opengltemplate\x64\debug\matrixstack.obj
c:\users\afonso\desktop\graphics module\template2021\opengltemplate\x64\debug\highresolutiontimer.obj
c:\users\afonso\desktop\graphics module\template2021\opengltemplate\x64\debug\gamewindow.obj
c:\users\afonso\desktop\graphics module\template2021\opengltemplate\x64\debug\game.obj
c:\users\afonso\desktop\graphics module\template2021\opengltemplate\x64\debug\freetypefont.obj
c:\users\afonso\desktop\graphics module\template2021\opengltemplate\x64\debug\cubemap.obj
c:\users\afonso\desktop\graphics module\template2021\opengltemplate\x64\debug\catmullrom.obj
c:\users\afonso\desktop\graphics module\template2021\opengltemplate\x64\debug\camera.obj
c:\users\afonso\desktop\graphics module\template2021\opengltemplate\x64\debug\audio.obj
c:\users\afonso\desktop\graphics module\template2021\x64\debug\opengltemplate.exe
c:\users\afonso\desktop\graphics module\template2021\x64\debug\opengltemplate.ilk
c:\users\afonso\desktop\graphics module\template2021\x64\debug\opengltemplate.pdb
c:\users\afonso\desktop\graphics module\template2021\x64\debug\opengltemplate.lib
c:\users\afonso\desktop\graphics module\template2021\x64\debug\opengltemplate.exp
c:\users\afonso\desktop\graphics module\template2021\opengltemplate\x64\debug\opengltemplate.tlog\cl.command.1.tlog
c:\users\afonso\desktop\graphics module\template2021\opengltemplate\x64\debug\opengltemplate.tlog\cl.read.1.tlog
c:\users\afonso\desktop\graphics module\template2021\opengltemplate\x64\debug\opengltemplate.tlog\cl.write.1.tlog
c:\users\afonso\desktop\graphics module\template2021\opengltemplate\x64\debug\opengltemplate.tlog\link.command.1.tlog
c:\users\afonso\desktop\graphics module\template2021\opengltemplate\x64\debug\opengltemplate.tlog\link.read.1.tlog
c:\users\afonso\desktop\graphics module\template2021\opengltemplate\x64\debug\opengltemplate.tlog\link.write.1.tlog
c:\users\afonso\desktop\graphics module\template2021\opengltemplate\x64\debug\opengltemplate.tlog\opengltemplate.write.1u.tlog
