  Audio.cpp
  Camera.cpp
  CatmullRom.cpp
C:\Users\Afonso\Desktop\graphics module\Template2021\OpenGLTemplate\CatmullRom.cpp(486,57): warning C4267: 'argument': conversion from 'size_t' to 'GLsizei', possible loss of data
C:\Users\Afonso\Desktop\graphics module\Template2021\OpenGLTemplate\CatmullRom.cpp(494,54): warning C4267: 'argument': conversion from 'size_t' to 'GLsizei', possible loss of data
C:\Users\Afonso\Desktop\graphics module\Template2021\OpenGLTemplate\CatmullRom.cpp(496,57): warning C4267: 'argument': conversion from 'size_t' to 'GLsizei', possible loss of data
C:\Users\Afonso\Desktop\graphics module\Template2021\OpenGLTemplate\CatmullRom.cpp(501,55): warning C4267: 'argument': conversion from 'size_t' to 'GLsizei', possible loss of data
C:\Users\Afonso\Desktop\graphics module\Template2021\OpenGLTemplate\CatmullRom.cpp(503,58): warning C4267: 'argument': conversion from 'size_t' to 'GLsizei', possible loss of data
  Cubemap.cpp
  FreeTypeFont.cpp
C:\Users\Afonso\Desktop\graphics module\Template2021\OpenGLTemplate\FreeTypeFont.h(3,10): fatal error C1083: Cannot open include file: 'ft2build.h': No such file or directory
  Game.cpp
C:\Users\Afonso\Desktop\graphics module\Template2021\OpenGLTemplate\FreeTypeFont.h(3,10): fatal error C1083: Cannot open include file: 'ft2build.h': No such file or directory
  GameWindow.cpp
  HighResolutionTimer.cpp
  MatrixStack.cpp
  OpenAssetImportMesh.cpp
C:\Users\Afonso\Desktop\graphics module\Template2021\OpenGLTemplate\OpenAssetImportMesh.h(26,10): fatal error C1083: Cannot open include file: 'Importer.hpp': No such file or directory
  Plane.cpp
  Shaders.cpp
  Skybox.cpp
  Sphere.cpp
  Texture.cpp
  VertexBufferObject.cpp
  VertexBufferObjectIndexed.cpp
